Flow report for WIMPAVR
Fri Dec 27 18:32:35 2019
Quartus II 64-Bit Version 13.0.0 Build 156 04/24/2013 SJ Web Edition


---------------------
; Table of Contents ;
---------------------
  1. Legal Notice
  2. Flow Summary
  3. Flow Settings
  4. Flow Non-Default Global Settings
  5. Flow Elapsed Time
  6. Flow OS Summary
  7. Flow Log
  8. Flow Messages
  9. Flow Suppressed Messages



----------------
; Legal Notice ;
----------------
Copyright (C) 1991-2013 Altera Corporation
Your use of Altera Corporation's design tools, logic functions 
and other software and tools, and its AMPP partner logic 
functions, and any output files from any of the foregoing 
(including device programming or simulation files), and any 
associated documentation or information are expressly subject 
to the terms and conditions of the Altera Program License 
Subscription Agreement, Altera MegaCore Function License 
Agreement, or other applicable license agreement, including, 
without limitation, that your use is for the sole purpose of 
programming logic devices manufactured by Altera and sold by 
Altera or its authorized distributors.  Please refer to the 
applicable agreement for further details.



+---------------------------------------------------------------------------------+
; Flow Summary                                                                    ;
+------------------------------------+--------------------------------------------+
; Flow Status                        ; Successful - Fri Dec 27 18:32:35 2019      ;
; Quartus II 64-Bit Version          ; 13.0.0 Build 156 04/24/2013 SJ Web Edition ;
; Revision Name                      ; WIMPAVR                                    ;
; Top-level Entity Name              ; AVR_TEST                                   ;
; Family                             ; Cyclone II                                 ;
; Device                             ; EP2C35F672C6                               ;
; Timing Models                      ; Final                                      ;
; Total logic elements               ; 934 / 33,216 ( 3 % )                       ;
;     Total combinational functions  ; 865 / 33,216 ( 3 % )                       ;
;     Dedicated logic registers      ; 319 / 33,216 ( < 1 % )                     ;
; Total registers                    ; 319                                        ;
; Total pins                         ; 113 / 475 ( 24 % )                         ;
; Total virtual pins                 ; 0                                          ;
; Total memory bits                  ; 0 / 483,840 ( 0 % )                        ;
; Embedded Multiplier 9-bit elements ; 0 / 70 ( 0 % )                             ;
; Total PLLs                         ; 0 / 4 ( 0 % )                              ;
+------------------------------------+--------------------------------------------+


+-----------------------------------------+
; Flow Settings                           ;
+-------------------+---------------------+
; Option            ; Setting             ;
+-------------------+---------------------+
; Start date & time ; 12/27/2019 18:32:08 ;
; Main task         ; Compilation         ;
; Revision Name     ; WIMPAVR             ;
+-------------------+---------------------+


+-------------------------------------------------------------------------------------------------------------------------------------------------------------------------+
; Flow Non-Default Global Settings                                                                                                                                        ;
+-------------------------------------+------------------------------------------------------------------------------------+---------------+-------------+----------------+
; Assignment Name                     ; Value                                                                              ; Default Value ; Entity Name ; Section Id     ;
+-------------------------------------+------------------------------------------------------------------------------------+---------------+-------------+----------------+
; COMPILER_SIGNATURE_ID               ; 132098962569051.157749312812404                                                    ; --            ; --          ; --             ;
; EDA_OUTPUT_DATA_FORMAT              ; Vhdl                                                                               ; --            ; --          ; eda_simulation ;
; EDA_SIMULATION_TOOL                 ; ModelSim-Altera (VHDL)                                                             ; <None>        ; --          ; --             ;
; MAX_CORE_JUNCTION_TEMP              ; 85                                                                                 ; --            ; --          ; --             ;
; MIN_CORE_JUNCTION_TEMP              ; 0                                                                                  ; --            ; --          ; --             ;
; MISC_FILE                           ; C:/Users/Dom/OneDrive/Document/School/MST/ESC/WIMP AVR/WIMPAVR Project/WIMPAVR.dpf ; --            ; --          ; --             ;
; MISC_FILE                           ; C:/Users/justi/Desktop/AVR/Quartus/AVR 7292019/WIMPAVR Project/WIMPAVR.dpf         ; --            ; --          ; --             ;
; PARTITION_COLOR                     ; 16764057                                                                           ; --            ; AVR_TEST    ; Top            ;
; PARTITION_FITTER_PRESERVATION_LEVEL ; PLACEMENT_AND_ROUTING                                                              ; --            ; AVR_TEST    ; Top            ;
; PARTITION_NETLIST_TYPE              ; SOURCE                                                                             ; --            ; AVR_TEST    ; Top            ;
; PROJECT_OUTPUT_DIRECTORY            ; output_files                                                                       ; --            ; --          ; --             ;
; TOP_LEVEL_ENTITY                    ; AVR_TEST                                                                           ; WIMPAVR       ; --          ; --             ;
+-------------------------------------+------------------------------------------------------------------------------------+---------------+-------------+----------------+


+-------------------------------------------------------------------------------------------------------------------------------+
; Flow Elapsed Time                                                                                                             ;
+---------------------------+--------------+-------------------------+---------------------+------------------------------------+
; Module Name               ; Elapsed Time ; Average Processors Used ; Peak Virtual Memory ; Total CPU Time (on all processors) ;
+---------------------------+--------------+-------------------------+---------------------+------------------------------------+
; Analysis & Synthesis      ; 00:00:07     ; 1.0                     ; 4612 MB             ; 00:00:05                           ;
; Fitter                    ; 00:00:12     ; 1.0                     ; 4894 MB             ; 00:00:11                           ;
; Assembler                 ; 00:00:01     ; 1.0                     ; 4564 MB             ; 00:00:01                           ;
; TimeQuest Timing Analyzer ; 00:00:03     ; 1.0                     ; 4587 MB             ; 00:00:02                           ;
; EDA Netlist Writer        ; 00:00:01     ; 1.0                     ; 4537 MB             ; 00:00:01                           ;
; Total                     ; 00:00:24     ; --                      ; --                  ; 00:00:20                           ;
+---------------------------+--------------+-------------------------+---------------------+------------------------------------+


+----------------------------------------------------------------------------------------+
; Flow OS Summary                                                                        ;
+---------------------------+------------------+-----------+------------+----------------+
; Module Name               ; Machine Hostname ; OS Name   ; OS Version ; Processor type ;
+---------------------------+------------------+-----------+------------+----------------+
; Analysis & Synthesis      ; Teh              ; Windows 7 ; 6.2        ; x86_64         ;
; Fitter                    ; Teh              ; Windows 7 ; 6.2        ; x86_64         ;
; Assembler                 ; Teh              ; Windows 7 ; 6.2        ; x86_64         ;
; TimeQuest Timing Analyzer ; Teh              ; Windows 7 ; 6.2        ; x86_64         ;
; EDA Netlist Writer        ; Teh              ; Windows 7 ; 6.2        ; x86_64         ;
+---------------------------+------------------+-----------+------------+----------------+


------------
; Flow Log ;
------------
quartus_map --read_settings_files=on --write_settings_files=off WIMPAVR -c WIMPAVR
quartus_fit --read_settings_files=off --write_settings_files=off WIMPAVR -c WIMPAVR
quartus_asm --read_settings_files=off --write_settings_files=off WIMPAVR -c WIMPAVR
quartus_sta WIMPAVR -c WIMPAVR
quartus_eda --read_settings_files=off --write_settings_files=off WIMPAVR -c WIMPAVR



