Flow report for WIMPAVR_DEMO
Mon Feb 28 16:34:55 2022
Quartus II Version 9.1 Build 350 03/24/2010 Service Pack 2 SJ Web Edition


---------------------
; Table of Contents ;
---------------------
  1. Legal Notice
  2. Flow Summary
  3. Flow Settings
  4. Flow Non-Default Global Settings
  5. Flow Elapsed Time
  6. Flow OS Summary
  7. Flow Log



----------------
; Legal Notice ;
----------------
Copyright (C) 1991-2010 Altera Corporation
Your use of Altera Corporation's design tools, logic functions 
and other software and tools, and its AMPP partner logic 
functions, and any output files from any of the foregoing 
(including device programming or simulation files), and any 
associated documentation or information are expressly subject 
to the terms and conditions of the Altera Program License 
Subscription Agreement, Altera MegaCore Function License 
Agreement, or other applicable license agreement, including, 
without limitation, that your use is for the sole purpose of 
programming logic devices manufactured by Altera and sold by 
Altera or its authorized distributors.  Please refer to the 
applicable agreement for further details.



+-----------------------------------------------------------------------------------+
; Flow Summary                                                                      ;
+------------------------------------+----------------------------------------------+
; Flow Status                        ; Successful - Mon Feb 28 16:34:55 2022        ;
; Quartus II Version                 ; 9.1 Build 350 03/24/2010 SP 2 SJ Web Edition ;
; Revision Name                      ; WIMPAVR_DEMO                                 ;
; Top-level Entity Name              ; AVR_TEST                                     ;
; Family                             ; Cyclone II                                   ;
; Device                             ; EP2C35F672C6                                 ;
; Timing Models                      ; Final                                        ;
; Met timing requirements            ; No                                           ;
; Total logic elements               ; 949 / 33,216 ( 3 % )                         ;
;     Total combinational functions  ; 888 / 33,216 ( 3 % )                         ;
;     Dedicated logic registers      ; 319 / 33,216 ( < 1 % )                       ;
; Total registers                    ; 319                                          ;
; Total pins                         ; 114 / 475 ( 24 % )                           ;
; Total virtual pins                 ; 0                                            ;
; Total memory bits                  ; 0 / 483,840 ( 0 % )                          ;
; Embedded Multiplier 9-bit elements ; 0 / 70 ( 0 % )                               ;
; Total PLLs                         ; 0 / 4 ( 0 % )                                ;
+------------------------------------+----------------------------------------------+


+-----------------------------------------+
; Flow Settings                           ;
+-------------------+---------------------+
; Option            ; Setting             ;
+-------------------+---------------------+
; Start date & time ; 02/28/2022 16:34:40 ;
; Main task         ; Compilation         ;
; Revision Name     ; WIMPAVR_DEMO        ;
+-------------------+---------------------+


+----------------------------------------------------------------------------------------------------------------------------------------------------------------------------------------------------+
; Flow Non-Default Global Settings                                                                                                                                                                   ;
+---------------------------------------+-------------------------------------------------------------------------------------------------------------+---------------+-------------+----------------+
; Assignment Name                       ; Value                                                                                                       ; Default Value ; Entity Name ; Section Id     ;
+---------------------------------------+-------------------------------------------------------------------------------------------------------------+---------------+-------------+----------------+
; COMPILER_SIGNATURE_ID                 ; 238300908790322.164608768011396                                                                             ; --            ; --          ; --             ;
; EDA_OUTPUT_DATA_FORMAT                ; Vhdl                                                                                                        ; --            ; --          ; eda_simulation ;
; EDA_SIMULATION_TOOL                   ; ModelSim-Altera (VHDL)                                                                                      ; <None>        ; --          ; --             ;
; MAX_CORE_JUNCTION_TEMP                ; 85                                                                                                          ; --            ; --          ; --             ;
; MIN_CORE_JUNCTION_TEMP                ; 0                                                                                                           ; --            ; --          ; --             ;
; MISC_FILE                             ; C:/Users/Dom/OneDrive/Document/School/MST/ESC/WIMP AVR/WIMPAVR Project/WIMPAVR.dpf                          ; --            ; --          ; --             ;
; MISC_FILE                             ; C:/Users/justi/Desktop/AVR/Quartus/AVR 7292019/WIMPAVR Project/WIMPAVR.dpf                                  ; --            ; --          ; --             ;
; MISC_FILE                             ; C:/Users/rdua/Documents/CpE 3150 SP 2017/New Curriculum/Quartus Files/WIMPAVR Project Demo/WIMPAVR_DEMO.dpf ; --            ; --          ; --             ;
; MISC_FILE                             ; C:/Users/tyler/Downloads/WIMPAVR_proj/WIMPAVR Project Demo/WIMPAVR_DEMO.dpf                                 ; --            ; --          ; --             ;
; PARTITION_COLOR                       ; 16764057                                                                                                    ; --            ; AVR_TEST    ; Top            ;
; PARTITION_FITTER_PRESERVATION_LEVEL   ; PLACEMENT_AND_ROUTING                                                                                       ; --            ; AVR_TEST    ; Top            ;
; PARTITION_NETLIST_TYPE                ; SOURCE                                                                                                      ; --            ; AVR_TEST    ; Top            ;
; PROJECT_OUTPUT_DIRECTORY              ; output_files                                                                                                ; --            ; --          ; --             ;
; SYNCHRONIZATION_REGISTER_CHAIN_LENGTH ; 2                                                                                                           ; 3             ; --          ; --             ;
; TOP_LEVEL_ENTITY                      ; AVR_TEST                                                                                                    ; WIMPAVR_DEMO  ; --          ; --             ;
+---------------------------------------+-------------------------------------------------------------------------------------------------------------+---------------+-------------+----------------+


+-----------------------------------------------------------------------------------------------------------------------------+
; Flow Elapsed Time                                                                                                           ;
+-------------------------+--------------+-------------------------+---------------------+------------------------------------+
; Module Name             ; Elapsed Time ; Average Processors Used ; Peak Virtual Memory ; Total CPU Time (on all processors) ;
+-------------------------+--------------+-------------------------+---------------------+------------------------------------+
; Analysis & Synthesis    ; 00:00:05     ; 1.0                     ; 229 MB              ; 00:00:06                           ;
; Fitter                  ; 00:00:06     ; 1.0                     ; 287 MB              ; 00:00:06                           ;
; Assembler               ; 00:00:01     ; 1.0                     ; 259 MB              ; 00:00:01                           ;
; Classic Timing Analyzer ; 00:00:01     ; 1.0                     ; 174 MB              ; 00:00:01                           ;
; EDA Netlist Writer      ; 00:00:00     ; 1.0                     ; 187 MB              ; 00:00:01                           ;
; Total                   ; 00:00:13     ; --                      ; --                  ; 00:00:15                           ;
+-------------------------+--------------+-------------------------+---------------------+------------------------------------+


+------------------------------------------------------------------------------------------+
; Flow OS Summary                                                                          ;
+-------------------------+------------------+---------------+------------+----------------+
; Module Name             ; Machine Hostname ; OS Name       ; OS Version ; Processor type ;
+-------------------------+------------------+---------------+------------+----------------+
; Analysis & Synthesis    ; Cashew           ; Windows Vista ; 6.2        ; x86_64         ;
; Fitter                  ; Cashew           ; Windows Vista ; 6.2        ; x86_64         ;
; Assembler               ; Cashew           ; Windows Vista ; 6.2        ; x86_64         ;
; Classic Timing Analyzer ; Cashew           ; Windows Vista ; 6.2        ; x86_64         ;
; EDA Netlist Writer      ; Cashew           ; Windows Vista ; 6.2        ; x86_64         ;
+-------------------------+------------------+---------------+------------+----------------+


------------
; Flow Log ;
------------
quartus_map --read_settings_files=on --write_settings_files=off WIMPAVR -c WIMPAVR_DEMO
quartus_fit --read_settings_files=off --write_settings_files=off WIMPAVR -c WIMPAVR_DEMO
quartus_asm --read_settings_files=off --write_settings_files=off WIMPAVR -c WIMPAVR_DEMO
quartus_tan --read_settings_files=off --write_settings_files=off WIMPAVR -c WIMPAVR_DEMO --timing_analysis_only
quartus_eda --read_settings_files=off --write_settings_files=off WIMPAVR -c WIMPAVR_DEMO



