Analysis & Synthesis report for WIMPAVR_DEMO
Fri Mar 04 15:28:47 2022
Quartus II Version 9.1 Build 350 03/24/2010 Service Pack 2 SJ Web Edition


---------------------
; Table of Contents ;
---------------------
  1. Legal Notice
  2. Analysis & Synthesis Summary
  3. Analysis & Synthesis Settings
  4. Parallel Compilation
  5. Analysis & Synthesis Source Files Read
  6. Analysis & Synthesis Resource Usage Summary
  7. Analysis & Synthesis Resource Utilization by Entity
  8. General Register Statistics
  9. Analysis & Synthesis Messages



----------------
; Legal Notice ;
----------------
Copyright (C) 1991-2010 Altera Corporation
Your use of Altera Corporation's design tools, logic functions 
and other software and tools, and its AMPP partner logic 
functions, and any output files from any of the foregoing 
(including device programming or simulation files), and any 
associated documentation or information are expressly subject 
to the terms and conditions of the Altera Program License 
Subscription Agreement, Altera MegaCore Function License 
Agreement, or other applicable license agreement, including, 
without limitation, that your use is for the sole purpose of 
programming logic devices manufactured by Altera and sold by 
Altera or its authorized distributors.  Please refer to the 
applicable agreement for further details.



+-----------------------------------------------------------------------------------+
; Analysis & Synthesis Summary                                                      ;
+------------------------------------+----------------------------------------------+
; Analysis & Synthesis Status        ; Successful - Fri Mar 04 15:28:47 2022        ;
; Quartus II Version                 ; 9.1 Build 350 03/24/2010 SP 2 SJ Web Edition ;
; Revision Name                      ; WIMPAVR_DEMO                                 ;
; Top-level Entity Name              ; ALU_TOP                                      ;
; Family                             ; Cyclone II                                   ;
; Total logic elements               ; 82                                           ;
;     Total combinational functions  ; 82                                           ;
;     Dedicated logic registers      ; 2                                            ;
; Total registers                    ; 2                                            ;
; Total pins                         ; 45                                           ;
; Total virtual pins                 ; 0                                            ;
; Total memory bits                  ; 0                                            ;
; Embedded Multiplier 9-bit elements ; 0                                            ;
; Total PLLs                         ; 0                                            ;
+------------------------------------+----------------------------------------------+


+----------------------------------------------------------------------------------------------------------------------+
; Analysis & Synthesis Settings                                                                                        ;
+----------------------------------------------------------------------------+--------------------+--------------------+
; Option                                                                     ; Setting            ; Default Value      ;
+----------------------------------------------------------------------------+--------------------+--------------------+
; Device                                                                     ; EP2C35F672C6       ;                    ;
; Top-level entity name                                                      ; ALU_TOP            ; WIMPAVR_DEMO       ;
; Family name                                                                ; Cyclone II         ; Cyclone IV GX      ;
; Synchronization Register Chain Length                                      ; 2                  ; 3                  ;
; Use smart compilation                                                      ; Off                ; Off                ;
; Enable parallel Assembler and TimeQuest Timing Analyzer during compilation ; On                 ; On                 ;
; Enable compact report table                                                ; Off                ; Off                ;
; Restructure Multiplexers                                                   ; Auto               ; Auto               ;
; Create Debugging Nodes for IP Cores                                        ; Off                ; Off                ;
; Preserve fewer node names                                                  ; On                 ; On                 ;
; Disable OpenCore Plus hardware evaluation                                  ; Off                ; Off                ;
; Verilog Version                                                            ; Verilog_2001       ; Verilog_2001       ;
; VHDL Version                                                               ; VHDL_1993          ; VHDL_1993          ;
; State Machine Processing                                                   ; Auto               ; Auto               ;
; Safe State Machine                                                         ; Off                ; Off                ;
; Extract Verilog State Machines                                             ; On                 ; On                 ;
; Extract VHDL State Machines                                                ; On                 ; On                 ;
; Ignore Verilog initial constructs                                          ; Off                ; Off                ;
; Iteration limit for constant Verilog loops                                 ; 5000               ; 5000               ;
; Iteration limit for non-constant Verilog loops                             ; 250                ; 250                ;
; Add Pass-Through Logic to Inferred RAMs                                    ; On                 ; On                 ;
; Parallel Synthesis                                                         ; On                 ; On                 ;
; DSP Block Balancing                                                        ; Auto               ; Auto               ;
; NOT Gate Push-Back                                                         ; On                 ; On                 ;
; Power-Up Don't Care                                                        ; On                 ; On                 ;
; Remove Redundant Logic Cells                                               ; Off                ; Off                ;
; Remove Duplicate Registers                                                 ; On                 ; On                 ;
; Ignore CARRY Buffers                                                       ; Off                ; Off                ;
; Ignore CASCADE Buffers                                                     ; Off                ; Off                ;
; Ignore GLOBAL Buffers                                                      ; Off                ; Off                ;
; Ignore ROW GLOBAL Buffers                                                  ; Off                ; Off                ;
; Ignore LCELL Buffers                                                       ; Off                ; Off                ;
; Ignore SOFT Buffers                                                        ; On                 ; On                 ;
; Limit AHDL Integers to 32 Bits                                             ; Off                ; Off                ;
; Optimization Technique                                                     ; Balanced           ; Balanced           ;
; Carry Chain Length                                                         ; 70                 ; 70                 ;
; Auto Carry Chains                                                          ; On                 ; On                 ;
; Auto Open-Drain Pins                                                       ; On                 ; On                 ;
; Perform WYSIWYG Primitive Resynthesis                                      ; Off                ; Off                ;
; Auto ROM Replacement                                                       ; On                 ; On                 ;
; Auto RAM Replacement                                                       ; On                 ; On                 ;
; Auto Shift Register Replacement                                            ; Auto               ; Auto               ;
; Auto Clock Enable Replacement                                              ; On                 ; On                 ;
; Strict RAM Replacement                                                     ; Off                ; Off                ;
; Allow Synchronous Control Signals                                          ; On                 ; On                 ;
; Force Use of Synchronous Clear Signals                                     ; Off                ; Off                ;
; Auto RAM to Logic Cell Conversion                                          ; Off                ; Off                ;
; Auto Resource Sharing                                                      ; Off                ; Off                ;
; Allow Any RAM Size For Recognition                                         ; Off                ; Off                ;
; Allow Any ROM Size For Recognition                                         ; Off                ; Off                ;
; Allow Any Shift Register Size For Recognition                              ; Off                ; Off                ;
; Use LogicLock Constraints during Resource Balancing                        ; On                 ; On                 ;
; Ignore translate_off and synthesis_off directives                          ; Off                ; Off                ;
; Timing-Driven Synthesis                                                    ; Off                ; Off                ;
; Show Parameter Settings Tables in Synthesis Report                         ; On                 ; On                 ;
; Ignore Maximum Fan-Out Assignments                                         ; Off                ; Off                ;
; PowerPlay Power Optimization                                               ; Normal compilation ; Normal compilation ;
; HDL message level                                                          ; Level2             ; Level2             ;
; Suppress Register Optimization Related Messages                            ; Off                ; Off                ;
; Number of Removed Registers Reported in Synthesis Report                   ; 5000               ; 5000               ;
; Number of Inverted Registers Reported in Synthesis Report                  ; 100                ; 100                ;
; Clock MUX Protection                                                       ; On                 ; On                 ;
; Auto Gated Clock Conversion                                                ; Off                ; Off                ;
; Block Design Naming                                                        ; Auto               ; Auto               ;
; SDC constraint protection                                                  ; Off                ; Off                ;
; Synthesis Effort                                                           ; Auto               ; Auto               ;
; Shift Register Replacement - Allow Asynchronous Clear Signal               ; On                 ; On                 ;
; Analysis & Synthesis Message Level                                         ; Medium             ; Medium             ;
; Disable Register Merging Across Hierarchies                                ; Auto               ; Auto               ;
; Resource Aware Inference For Block RAM                                     ; On                 ; On                 ;
+----------------------------------------------------------------------------+--------------------+--------------------+


Parallel compilation was disabled, but you have multiple processors available. Enable parallel compilation to reduce compilation time.
+-------------------------------------+
; Parallel Compilation                ;
+----------------------------+--------+
; Processors                 ; Number ;
+----------------------------+--------+
; Number detected on machine ; 8      ;
; Maximum allowed            ; 1      ;
+----------------------------+--------+


+-----------------------------------------------------------------------------------------------------------------------------------------------------------------------+
; Analysis & Synthesis Source Files Read                                                                                                                                ;
+----------------------------------+-----------------+------------------------------------------+-----------------------------------------------------------------------+
; File Name with User-Entered Path ; Used in Netlist ; File Type                                ; File Name with Absolute Path                                          ;
+----------------------------------+-----------------+------------------------------------------+-----------------------------------------------------------------------+
; 8_B_Ripple_Adder.bdf             ; yes             ; User Block Diagram/Schematic File        ; C:/Users/tyler/WIMPAVR_proj/WIMPAVR Project Demo/8_B_Ripple_Adder.bdf ;
; ADD_EN.bdf                       ; yes             ; User Block Diagram/Schematic File        ; C:/Users/tyler/WIMPAVR_proj/WIMPAVR Project Demo/ADD_EN.bdf           ;
; LOGIC_EN.bdf                     ; yes             ; User Block Diagram/Schematic File        ; C:/Users/tyler/WIMPAVR_proj/WIMPAVR Project Demo/LOGIC_EN.bdf         ;
; SWAP_EN.bdf                      ; yes             ; User Block Diagram/Schematic File        ; C:/Users/tyler/WIMPAVR_proj/WIMPAVR Project Demo/SWAP_EN.bdf          ;
; ALU_TOP.bdf                      ; yes             ; User Block Diagram/Schematic File        ; C:/Users/tyler/WIMPAVR_proj/WIMPAVR Project Demo/ALU_TOP.bdf          ;
; Z_LOGIC.bdf                      ; yes             ; User Block Diagram/Schematic File        ; C:/Users/tyler/WIMPAVR_proj/WIMPAVR Project Demo/Z_LOGIC.bdf          ;
; CARRY_LOGIC.bdf                  ; yes             ; User Block Diagram/Schematic File        ; C:/Users/tyler/WIMPAVR_proj/WIMPAVR Project Demo/CARRY_LOGIC.bdf      ;
; 4_1_MUX.bdf                      ; yes             ; User Block Diagram/Schematic File        ; C:/Users/tyler/WIMPAVR_proj/WIMPAVR Project Demo/4_1_MUX.bdf          ;
; alu_control.bdf                  ; yes             ; User Block Diagram/Schematic File        ; C:/Users/tyler/WIMPAVR_proj/WIMPAVR Project Demo/alu_control.bdf      ;
; Full_Adder_Sub.bdf               ; yes             ; User Block Diagram/Schematic File        ; C:/Users/tyler/WIMPAVR_proj/WIMPAVR Project Demo/Full_Adder_Sub.bdf   ;
; ext_c.bdf                        ; yes             ; Auto-Found Block Diagram/Schematic File  ; C:/Users/tyler/WIMPAVR_proj/WIMPAVR Project Demo/ext_c.bdf            ;
; 8_2_1_mux.bdf                    ; yes             ; Auto-Found Block Diagram/Schematic File  ; C:/Users/tyler/WIMPAVR_proj/WIMPAVR Project Demo/8_2_1_mux.bdf        ;
; 2_1_mux.bdf                      ; yes             ; Auto-Found Block Diagram/Schematic File  ; C:/Users/tyler/WIMPAVR_proj/WIMPAVR Project Demo/2_1_mux.bdf          ;
; logic_swap.bdf                   ; yes             ; Auto-Found Block Diagram/Schematic File  ; C:/Users/tyler/WIMPAVR_proj/WIMPAVR Project Demo/logic_swap.bdf       ;
+----------------------------------+-----------------+------------------------------------------+-----------------------------------------------------------------------+


+-------------------------------------------------------------------------+
; Analysis & Synthesis Resource Usage Summary                             ;
+---------------------------------------------+---------------------------+
; Resource                                    ; Usage                     ;
+---------------------------------------------+---------------------------+
; Estimated Total logic elements              ; 82                        ;
;                                             ;                           ;
; Total combinational functions               ; 82                        ;
; Logic element usage by number of LUT inputs ;                           ;
;     -- 4 input functions                    ; 67                        ;
;     -- 3 input functions                    ; 7                         ;
;     -- <=2 input functions                  ; 8                         ;
;                                             ;                           ;
; Logic elements by mode                      ;                           ;
;     -- normal mode                          ; 82                        ;
;     -- arithmetic mode                      ; 0                         ;
;                                             ;                           ;
; Total registers                             ; 2                         ;
;     -- Dedicated logic registers            ; 2                         ;
;     -- I/O registers                        ; 0                         ;
;                                             ;                           ;
; I/O pins                                    ; 45                        ;
; Maximum fan-out node                        ; alu_control:inst|inst13~2 ;
; Maximum fan-out                             ; 18                        ;
; Total fan-out                               ; 321                       ;
; Average fan-out                             ; 2.49                      ;
+---------------------------------------------+---------------------------+


+-----------------------------------------------------------------------------------------------------------------------------------------------------------------------------------------------------------------+
; Analysis & Synthesis Resource Utilization by Entity                                                                                                                                                             ;
+------------------------------+-------------------+--------------+-------------+--------------+---------+-----------+------+--------------+-------------------------------------------------------+--------------+
; Compilation Hierarchy Node   ; LC Combinationals ; LC Registers ; Memory Bits ; DSP Elements ; DSP 9x9 ; DSP 18x18 ; Pins ; Virtual Pins ; Full Hierarchy Name                                   ; Library Name ;
+------------------------------+-------------------+--------------+-------------+--------------+---------+-----------+------+--------------+-------------------------------------------------------+--------------+
; |ALU_TOP                     ; 82 (3)            ; 2 (0)        ; 0           ; 0            ; 0       ; 0         ; 45   ; 0            ; |ALU_TOP                                              ; work         ;
;    |4_1_MUX:MUX0|            ; 4 (4)             ; 0 (0)        ; 0           ; 0            ; 0       ; 0         ; 0    ; 0            ; |ALU_TOP|4_1_MUX:MUX0                                 ;              ;
;    |4_1_MUX:MUX1|            ; 1 (1)             ; 0 (0)        ; 0           ; 0            ; 0       ; 0         ; 0    ; 0            ; |ALU_TOP|4_1_MUX:MUX1                                 ;              ;
;    |4_1_MUX:MUX2|            ; 1 (1)             ; 0 (0)        ; 0           ; 0            ; 0       ; 0         ; 0    ; 0            ; |ALU_TOP|4_1_MUX:MUX2                                 ;              ;
;    |4_1_MUX:MUX3|            ; 1 (1)             ; 0 (0)        ; 0           ; 0            ; 0       ; 0         ; 0    ; 0            ; |ALU_TOP|4_1_MUX:MUX3                                 ;              ;
;    |4_1_MUX:MUX4|            ; 1 (1)             ; 0 (0)        ; 0           ; 0            ; 0       ; 0         ; 0    ; 0            ; |ALU_TOP|4_1_MUX:MUX4                                 ;              ;
;    |4_1_MUX:MUX5|            ; 1 (1)             ; 0 (0)        ; 0           ; 0            ; 0       ; 0         ; 0    ; 0            ; |ALU_TOP|4_1_MUX:MUX5                                 ;              ;
;    |4_1_MUX:MUX6|            ; 1 (1)             ; 0 (0)        ; 0           ; 0            ; 0       ; 0         ; 0    ; 0            ; |ALU_TOP|4_1_MUX:MUX6                                 ;              ;
;    |4_1_MUX:MUX7|            ; 1 (1)             ; 0 (0)        ; 0           ; 0            ; 0       ; 0         ; 0    ; 0            ; |ALU_TOP|4_1_MUX:MUX7                                 ;              ;
;    |8_2_1_mux:inst11|        ; 28 (0)            ; 0 (0)        ; 0           ; 0            ; 0       ; 0         ; 0    ; 0            ; |ALU_TOP|8_2_1_mux:inst11                             ;              ;
;       |2_1_mux:inst10|       ; 4 (4)             ; 0 (0)        ; 0           ; 0            ; 0       ; 0         ; 0    ; 0            ; |ALU_TOP|8_2_1_mux:inst11|2_1_mux:inst10              ;              ;
;       |2_1_mux:inst11|       ; 3 (3)             ; 0 (0)        ; 0           ; 0            ; 0       ; 0         ; 0    ; 0            ; |ALU_TOP|8_2_1_mux:inst11|2_1_mux:inst11              ;              ;
;       |2_1_mux:inst4|        ; 3 (3)             ; 0 (0)        ; 0           ; 0            ; 0       ; 0         ; 0    ; 0            ; |ALU_TOP|8_2_1_mux:inst11|2_1_mux:inst4               ;              ;
;       |2_1_mux:inst5|        ; 3 (3)             ; 0 (0)        ; 0           ; 0            ; 0       ; 0         ; 0    ; 0            ; |ALU_TOP|8_2_1_mux:inst11|2_1_mux:inst5               ;              ;
;       |2_1_mux:inst6|        ; 3 (3)             ; 0 (0)        ; 0           ; 0            ; 0       ; 0         ; 0    ; 0            ; |ALU_TOP|8_2_1_mux:inst11|2_1_mux:inst6               ;              ;
;       |2_1_mux:inst7|        ; 4 (4)             ; 0 (0)        ; 0           ; 0            ; 0       ; 0         ; 0    ; 0            ; |ALU_TOP|8_2_1_mux:inst11|2_1_mux:inst7               ;              ;
;       |2_1_mux:inst8|        ; 4 (4)             ; 0 (0)        ; 0           ; 0            ; 0       ; 0         ; 0    ; 0            ; |ALU_TOP|8_2_1_mux:inst11|2_1_mux:inst8               ;              ;
;       |2_1_mux:inst9|        ; 4 (4)             ; 0 (0)        ; 0           ; 0            ; 0       ; 0         ; 0    ; 0            ; |ALU_TOP|8_2_1_mux:inst11|2_1_mux:inst9               ;              ;
;    |8_B_Ripple_Adder:inst10| ; 16 (0)            ; 0 (0)        ; 0           ; 0            ; 0       ; 0         ; 0    ; 0            ; |ALU_TOP|8_B_Ripple_Adder:inst10                      ;              ;
;       |Full_Adder_Sub:inst1| ; 2 (2)             ; 0 (0)        ; 0           ; 0            ; 0       ; 0         ; 0    ; 0            ; |ALU_TOP|8_B_Ripple_Adder:inst10|Full_Adder_Sub:inst1 ;              ;
;       |Full_Adder_Sub:inst2| ; 2 (2)             ; 0 (0)        ; 0           ; 0            ; 0       ; 0         ; 0    ; 0            ; |ALU_TOP|8_B_Ripple_Adder:inst10|Full_Adder_Sub:inst2 ;              ;
;       |Full_Adder_Sub:inst3| ; 2 (2)             ; 0 (0)        ; 0           ; 0            ; 0       ; 0         ; 0    ; 0            ; |ALU_TOP|8_B_Ripple_Adder:inst10|Full_Adder_Sub:inst3 ;              ;
;       |Full_Adder_Sub:inst4| ; 2 (2)             ; 0 (0)        ; 0           ; 0            ; 0       ; 0         ; 0    ; 0            ; |ALU_TOP|8_B_Ripple_Adder:inst10|Full_Adder_Sub:inst4 ;              ;
;       |Full_Adder_Sub:inst5| ; 2 (2)             ; 0 (0)        ; 0           ; 0            ; 0       ; 0         ; 0    ; 0            ; |ALU_TOP|8_B_Ripple_Adder:inst10|Full_Adder_Sub:inst5 ;              ;
;       |Full_Adder_Sub:inst6| ; 2 (2)             ; 0 (0)        ; 0           ; 0            ; 0       ; 0         ; 0    ; 0            ; |ALU_TOP|8_B_Ripple_Adder:inst10|Full_Adder_Sub:inst6 ;              ;
;       |Full_Adder_Sub:inst7| ; 2 (2)             ; 0 (0)        ; 0           ; 0            ; 0       ; 0         ; 0    ; 0            ; |ALU_TOP|8_B_Ripple_Adder:inst10|Full_Adder_Sub:inst7 ;              ;
;       |Full_Adder_Sub:inst8| ; 2 (2)             ; 0 (0)        ; 0           ; 0            ; 0       ; 0         ; 0    ; 0            ; |ALU_TOP|8_B_Ripple_Adder:inst10|Full_Adder_Sub:inst8 ;              ;
;    |CARRY_LOGIC:inst14|      ; 6 (2)             ; 1 (1)        ; 0           ; 0            ; 0       ; 0         ; 0    ; 0            ; |ALU_TOP|CARRY_LOGIC:inst14                           ;              ;
;       |4_1_MUX:inst1|        ; 4 (4)             ; 0 (0)        ; 0           ; 0            ; 0       ; 0         ; 0    ; 0            ; |ALU_TOP|CARRY_LOGIC:inst14|4_1_MUX:inst1             ;              ;
;    |Z_LOGIC:inst12|          ; 6 (6)             ; 1 (1)        ; 0           ; 0            ; 0       ; 0         ; 0    ; 0            ; |ALU_TOP|Z_LOGIC:inst12                               ;              ;
;    |alu_control:inst|        ; 6 (6)             ; 0 (0)        ; 0           ; 0            ; 0       ; 0         ; 0    ; 0            ; |ALU_TOP|alu_control:inst                             ;              ;
;    |logic_swap:inst1|        ; 3 (3)             ; 0 (0)        ; 0           ; 0            ; 0       ; 0         ; 0    ; 0            ; |ALU_TOP|logic_swap:inst1                             ;              ;
;    |logic_swap:inst2|        ; 1 (1)             ; 0 (0)        ; 0           ; 0            ; 0       ; 0         ; 0    ; 0            ; |ALU_TOP|logic_swap:inst2                             ;              ;
;    |logic_swap:inst3|        ; 1 (1)             ; 0 (0)        ; 0           ; 0            ; 0       ; 0         ; 0    ; 0            ; |ALU_TOP|logic_swap:inst3                             ;              ;
;    |logic_swap:inst8|        ; 1 (1)             ; 0 (0)        ; 0           ; 0            ; 0       ; 0         ; 0    ; 0            ; |ALU_TOP|logic_swap:inst8                             ;              ;
+------------------------------+-------------------+--------------+-------------+--------------+---------+-----------+------+--------------+-------------------------------------------------------+--------------+
Note: For table entries with two numbers listed, the numbers in parentheses indicate the number of resources of the given type used by the specific entity alone. The numbers listed outside of parentheses indicate the total resources of the given type used by the specific entity and all of its sub-entities in the hierarchy.


+------------------------------------------------------+
; General Register Statistics                          ;
+----------------------------------------------+-------+
; Statistic                                    ; Value ;
+----------------------------------------------+-------+
; Total registers                              ; 2     ;
; Number of registers using Synchronous Clear  ; 0     ;
; Number of registers using Synchronous Load   ; 0     ;
; Number of registers using Asynchronous Clear ; 2     ;
; Number of registers using Asynchronous Load  ; 0     ;
; Number of registers using Clock Enable       ; 0     ;
; Number of registers using Preset             ; 0     ;
+----------------------------------------------+-------+


+-------------------------------+
; Analysis & Synthesis Messages ;
+-------------------------------+
Info: *******************************************************************
Info: Running Quartus II Analysis & Synthesis
    Info: Version 9.1 Build 350 03/24/2010 Service Pack 2 SJ Web Edition
    Info: Processing started: Fri Mar 04 15:28:45 2022
Info: Command: quartus_map --read_settings_files=on --write_settings_files=off WIMPAVR -c WIMPAVR_DEMO
Info: Found 1 design units, including 1 entities, in source file register.bdf
    Info: Found entity 1: Register
Info: Found 1 design units, including 1 entities, in source file wmipavr.bdf
    Info: Found entity 1: WMIPAVR
Info: Found 1 design units, including 1 entities, in source file register_file.bdf
    Info: Found entity 1: Register_File
Info: Found 1 design units, including 1 entities, in source file 16_1_mux.bdf
    Info: Found entity 1: 16_1_MUX
Info: Found 1 design units, including 1 entities, in source file 32_1_mux.bdf
    Info: Found entity 1: 32_1_MUX
Info: Found 1 design units, including 1 entities, in source file wimpavr.bdf
    Info: Found entity 1: WIMPAVR
Info: Found 1 design units, including 1 entities, in source file full_adder.bdf
    Info: Found entity 1: Full_Adder
Info: Found 1 design units, including 1 entities, in source file 8_b_ripple_adder.bdf
    Info: Found entity 1: 8_B_Ripple_Adder
Info: Found 1 design units, including 1 entities, in source file add_en.bdf
    Info: Found entity 1: ADD_EN
Warning: Can't analyze file -- file ALU.bdf is missing
Warning: Can't analyze file -- file IR_decoder.bdf is missing
Info: Found 1 design units, including 1 entities, in source file logic_en.bdf
    Info: Found entity 1: LOGIC_EN
Info: Found 1 design units, including 1 entities, in source file swap_en.bdf
    Info: Found entity 1: SWAP_EN
Info: Found 1 design units, including 1 entities, in source file ir_encoder.bdf
    Info: Found entity 1: IR_encoder
Info: Found 1 design units, including 1 entities, in source file avr_test.bdf
    Info: Found entity 1: AVR_TEST
Info: Found 1 design units, including 1 entities, in source file pc_block.bdf
    Info: Found entity 1: PC_BLOCK
Info: Found 1 design units, including 1 entities, in source file data_load_mux.bdf
    Info: Found entity 1: DATA_LOAD_MUX
Info: Found 1 design units, including 1 entities, in source file 1_bit_register.bdf
    Info: Found entity 1: 1_BIT_REGISTER
Info: Found 1 design units, including 1 entities, in source file alu_top.bdf
    Info: Found entity 1: ALU_TOP
Info: Found 1 design units, including 1 entities, in source file branch_logic.bdf
    Info: Found entity 1: branch_logic
Info: Found 1 design units, including 1 entities, in source file state_machine.bdf
    Info: Found entity 1: State_Machine
Info: Found 1 design units, including 1 entities, in source file z_logic.bdf
    Info: Found entity 1: Z_LOGIC
Info: Found 1 design units, including 1 entities, in source file carry_logic.bdf
    Info: Found entity 1: CARRY_LOGIC
Info: Found 1 design units, including 1 entities, in source file 4_1_mux.bdf
    Info: Found entity 1: 4_1_MUX
Info: Found 1 design units, including 1 entities, in source file load_select.bdf
    Info: Found entity 1: LOAD_SELECT
Info: Found 1 design units, including 1 entities, in source file control_unit.bdf
    Info: Found entity 1: Control_Unit
Info: Found 1 design units, including 1 entities, in source file 16_b_reg.bdf
    Info: Found entity 1: 16_B_REG
Info: Found 1 design units, including 1 entities, in source file alu_control.bdf
    Info: Found entity 1: alu_control
Info: Found 1 design units, including 1 entities, in source file slow_clock.bdf
    Info: Found entity 1: SLOW_CLOCK
Info: Found 1 design units, including 1 entities, in source file 4_1_mux_enable.bdf
    Info: Found entity 1: 4_1_MUX_Enable
Info: Found 1 design units, including 1 entities, in source file full_adder_sub.bdf
    Info: Found entity 1: Full_Adder_Sub
Info: Elaborating entity "ALU_TOP" for the top level hierarchy
Info: Elaborating entity "Z_LOGIC" for hierarchy "Z_LOGIC:inst12"
Info: Elaborating entity "8_B_Ripple_Adder" for hierarchy "8_B_Ripple_Adder:inst10"
Info: Elaborating entity "Full_Adder_Sub" for hierarchy "8_B_Ripple_Adder:inst10|Full_Adder_Sub:inst1"
Info: Elaborating entity "alu_control" for hierarchy "alu_control:inst"
Warning: Pin "IR9" not connected
Warning: Pin "IR8" not connected
Warning: Pin "IR7" not connected
Warning: Pin "IR6" not connected
Warning: Pin "IR5" not connected
Warning: Pin "IR4" not connected
Warning: Pin "IR2" not connected
Info: Elaborating entity "SWAP_EN" for hierarchy "alu_control:inst|SWAP_EN:inst2"
Info: Elaborating entity "ADD_EN" for hierarchy "alu_control:inst|ADD_EN:inst"
Info: Elaborating entity "LOGIC_EN" for hierarchy "alu_control:inst|LOGIC_EN:inst12"
Info: Elaborating entity "4_1_MUX" for hierarchy "4_1_MUX:MUX0"
Info: Elaborating entity "CARRY_LOGIC" for hierarchy "CARRY_LOGIC:inst14"
Warning: Using design file ext_c.bdf, which is not specified as a design file for the current project, but contains definitions for 1 design units and 1 entities in project
    Info: Found entity 1: ext_c
Info: Elaborating entity "ext_c" for hierarchy "CARRY_LOGIC:inst14|ext_c:inst3"
Warning: Using design file 8_2_1_mux.bdf, which is not specified as a design file for the current project, but contains definitions for 1 design units and 1 entities in project
    Info: Found entity 1: 8_2_1_mux
Info: Elaborating entity "8_2_1_MUX" for hierarchy "8_2_1_MUX:inst11"
Warning: Using design file 2_1_mux.bdf, which is not specified as a design file for the current project, but contains definitions for 1 design units and 1 entities in project
    Info: Found entity 1: 2_1_mux
Info: Elaborating entity "2_1_MUX" for hierarchy "8_2_1_MUX:inst11|2_1_MUX:inst4"
Warning: Using design file logic_swap.bdf, which is not specified as a design file for the current project, but contains definitions for 1 design units and 1 entities in project
    Info: Found entity 1: logic_swap
Info: Elaborating entity "LOGIC_SWAP" for hierarchy "LOGIC_SWAP:inst1"
Warning: Design contains 3 input pin(s) that do not drive logic
    Warning (15610): No output dependent on input pin "IR4"
    Warning (15610): No output dependent on input pin "IR5"
    Warning (15610): No output dependent on input pin "IR6"
Info: Implemented 127 device resources after synthesis - the final resource count might be different
    Info: Implemented 35 input pins
    Info: Implemented 10 output pins
    Info: Implemented 82 logic cells
Info: Quartus II Analysis & Synthesis was successful. 0 errors, 17 warnings
    Info: Peak virtual memory: 222 megabytes
    Info: Processing ended: Fri Mar 04 15:28:47 2022
    Info: Elapsed time: 00:00:02
    Info: Total CPU time (on all processors): 00:00:02


