Flow report for WIMPAVR_Program
Sat Jan 04 13:37:46 2020
Quartus II Version 9.1 Build 350 03/24/2010 Service Pack 2 SJ Web Edition


---------------------
; Table of Contents ;
---------------------
  1. Legal Notice
  2. Flow Summary
  3. Flow Settings
  4. Flow Non-Default Global Settings
  5. Flow Elapsed Time
  6. Flow OS Summary
  7. Flow Log



----------------
; Legal Notice ;
----------------
Copyright (C) 1991-2010 Altera Corporation
Your use of Altera Corporation's design tools, logic functions 
and other software and tools, and its AMPP partner logic 
functions, and any output files from any of the foregoing 
(including device programming or simulation files), and any 
associated documentation or information are expressly subject 
to the terms and conditions of the Altera Program License 
Subscription Agreement, Altera MegaCore Function License 
Agreement, or other applicable license agreement, including, 
without limitation, that your use is for the sole purpose of 
programming logic devices manufactured by Altera and sold by 
Altera or its authorized distributors.  Please refer to the 
applicable agreement for further details.



+-----------------------------------------------------------------------------------+
; Flow Summary                                                                      ;
+------------------------------------+----------------------------------------------+
; Flow Status                        ; Successful - Sat Jan 04 13:37:45 2020        ;
; Quartus II Version                 ; 9.1 Build 350 03/24/2010 SP 2 SJ Web Edition ;
; Revision Name                      ; WIMPAVR_Program                              ;
; Top-level Entity Name              ; Program                                      ;
; Family                             ; Cyclone II                                   ;
; Device                             ; EP2C35F672C6                                 ;
; Timing Models                      ; Final                                        ;
; Met timing requirements            ; Yes                                          ;
; Total logic elements               ; 88 / 33,216 ( < 1 % )                        ;
;     Total combinational functions  ; 88 / 33,216 ( < 1 % )                        ;
;     Dedicated logic registers      ; 32 / 33,216 ( < 1 % )                        ;
; Total registers                    ; 32                                           ;
; Total pins                         ; 131 / 475 ( 28 % )                           ;
; Total virtual pins                 ; 0                                            ;
; Total memory bits                  ; 0 / 483,840 ( 0 % )                          ;
; Embedded Multiplier 9-bit elements ; 0 / 70 ( 0 % )                               ;
; Total PLLs                         ; 0 / 4 ( 0 % )                                ;
+------------------------------------+----------------------------------------------+


+-----------------------------------------+
; Flow Settings                           ;
+-------------------+---------------------+
; Option            ; Setting             ;
+-------------------+---------------------+
; Start date & time ; 01/04/2020 13:37:34 ;
; Main task         ; Compilation         ;
; Revision Name     ; WIMPAVR_Program     ;
+-------------------+---------------------+


+-----------------------------------------------------------------------------------------------------------------------------------------------------------------------------------+
; Flow Non-Default Global Settings                                                                                                                                                  ;
+-------------------------------------+--------------------------------------------------------------------------------------------+-----------------+-------------+----------------+
; Assignment Name                     ; Value                                                                                      ; Default Value   ; Entity Name ; Section Id     ;
+-------------------------------------+--------------------------------------------------------------------------------------------+-----------------+-------------+----------------+
; COMPILER_SIGNATURE_ID               ; 97318197683997.157816665402932                                                             ; --              ; --          ; --             ;
; EDA_OUTPUT_DATA_FORMAT              ; Vhdl                                                                                       ; --              ; --          ; eda_simulation ;
; EDA_SIMULATION_TOOL                 ; ModelSim-Altera (VHDL)                                                                     ; <None>          ; --          ; --             ;
; MAX_CORE_JUNCTION_TEMP              ; 85                                                                                         ; --              ; --          ; --             ;
; MIN_CORE_JUNCTION_TEMP              ; 0                                                                                          ; --              ; --          ; --             ;
; MISC_FILE                           ; C:/Users/Dom/OneDrive/Document/School/MST/ESC/WIMP AVR/WIMPAVR Program/WIMPAVR_Program.dpf ; --              ; --          ; --             ;
; PARTITION_COLOR                     ; 16764057                                                                                   ; --              ; Program     ; Top            ;
; PARTITION_FITTER_PRESERVATION_LEVEL ; PLACEMENT_AND_ROUTING                                                                      ; --              ; Program     ; Top            ;
; PARTITION_NETLIST_TYPE              ; SOURCE                                                                                     ; --              ; Program     ; Top            ;
; PROJECT_OUTPUT_DIRECTORY            ; output_files                                                                               ; --              ; --          ; --             ;
; TOP_LEVEL_ENTITY                    ; Program                                                                                    ; WIMPAVR_Program ; --          ; --             ;
+-------------------------------------+--------------------------------------------------------------------------------------------+-----------------+-------------+----------------+


+-----------------------------------------------------------------------------------------------------------------------------+
; Flow Elapsed Time                                                                                                           ;
+-------------------------+--------------+-------------------------+---------------------+------------------------------------+
; Module Name             ; Elapsed Time ; Average Processors Used ; Peak Virtual Memory ; Total CPU Time (on all processors) ;
+-------------------------+--------------+-------------------------+---------------------+------------------------------------+
; Analysis & Synthesis    ; 00:00:02     ; 1.0                     ; 222 MB              ; 00:00:02                           ;
; Fitter                  ; 00:00:04     ; 1.0                     ; 287 MB              ; 00:00:05                           ;
; Assembler               ; 00:00:02     ; 1.0                     ; 261 MB              ; 00:00:02                           ;
; Classic Timing Analyzer ; 00:00:00     ; 1.0                     ; 166 MB              ; 00:00:00                           ;
; EDA Netlist Writer      ; 00:00:01     ; 1.0                     ; 179 MB              ; 00:00:01                           ;
; Total                   ; 00:00:09     ; --                      ; --                  ; 00:00:10                           ;
+-------------------------+--------------+-------------------------+---------------------+------------------------------------+


+------------------------------------------------------------------------------------------+
; Flow OS Summary                                                                          ;
+-------------------------+------------------+---------------+------------+----------------+
; Module Name             ; Machine Hostname ; OS Name       ; OS Version ; Processor type ;
+-------------------------+------------------+---------------+------------+----------------+
; Analysis & Synthesis    ; DESKTOP-ENM7NGE  ; Windows Vista ; 6.2        ; x86_64         ;
; Fitter                  ; DESKTOP-ENM7NGE  ; Windows Vista ; 6.2        ; x86_64         ;
; Assembler               ; DESKTOP-ENM7NGE  ; Windows Vista ; 6.2        ; x86_64         ;
; Classic Timing Analyzer ; DESKTOP-ENM7NGE  ; Windows Vista ; 6.2        ; x86_64         ;
; EDA Netlist Writer      ; DESKTOP-ENM7NGE  ; Windows Vista ; 6.2        ; x86_64         ;
+-------------------------+------------------+---------------+------------+----------------+


------------
; Flow Log ;
------------
quartus_map --read_settings_files=on --write_settings_files=off WIMPAVR_Program -c WIMPAVR_Program
quartus_fit --read_settings_files=off --write_settings_files=off WIMPAVR_Program -c WIMPAVR_Program
quartus_asm --read_settings_files=off --write_settings_files=off WIMPAVR_Program -c WIMPAVR_Program
quartus_tan --read_settings_files=off --write_settings_files=off WIMPAVR_Program -c WIMPAVR_Program --timing_analysis_only
quartus_eda --read_settings_files=off --write_settings_files=off WIMPAVR_Program -c WIMPAVR_Program



